# JRE version: Java(TM) SE Runtime Environment (8.0_201-b09) (build 1.8.0_201-b09)
# Java VM: Java HotSpot(TM) 64-Bit Server VM (25.201-b09 mixed mode linux-amd64 compressed oops)
Heap:
 garbage-first heap   total 271360K, used 143620K [0x00000000c0000000, 0x00000000c0100848, 0x0000000100000000)
  region size 1024K, 6 young (6144K), 2 survivors (2048K)
 Metaspace       used 111164K, capacity 123034K, committed 123212K, reserved 1155072K
  class space    used 13564K, capacity 16753K, committed 16768K, reserved 1048576K
GC Heap History (10 events):
Event: 291.211 GC heap before
{Heap before GC invocations=55 (full 0):
 garbage-first heap   total 267264K, used 170249K [0x00000000c0000000, 0x00000000c0100828, 0x0000000100000000)
  region size 1024K, 13 young (13312K), 1 survivors (1024K)
 Metaspace       used 108416K, capacity 119910K, committed 120140K, reserved 1153024K
  class space    used 13261K, capacity 16452K, committed 16512K, reserved 1048576K
Event: 291.229 GC heap after
Heap after GC invocations=56 (full 0):
 garbage-first heap   total 267264K, used 147334K [0x00000000c0000000, 0x00000000c0100828, 0x0000000100000000)
  region size 1024K, 1 young (1024K), 1 survivors (1024K)
 Metaspace       used 108416K, capacity 119910K, committed 120140K, reserved 1153024K
  class space    used 13261K, capacity 16452K, committed 16512K, reserved 1048576K
}
Event: 303.946 GC heap before
{Heap before GC invocations=56 (full 0):
 garbage-first heap   total 267264K, used 235398K [0x00000000c0000000, 0x00000000c0100828, 0x0000000100000000)
  region size 1024K, 87 young (89088K), 1 survivors (1024K)
 Metaspace       used 109012K, capacity 120556K, committed 120780K, reserved 1153024K
  class space    used 13313K, capacity 16535K, committed 16640K, reserved 1048576K
Event: 303.963 GC heap after
Heap after GC invocations=57 (full 0):
 garbage-first heap   total 267264K, used 147795K [0x00000000c0000000, 0x00000000c0100828, 0x0000000100000000)
  region size 1024K, 2 young (2048K), 2 survivors (2048K)
 Metaspace       used 109012K, capacity 120556K, committed 120780K, reserved 1153024K
  class space    used 13313K, capacity 16535K, committed 16640K, reserved 1048576K
}
Event: 313.916 GC heap before
{Heap before GC invocations=57 (full 0):
 garbage-first heap   total 267264K, used 218451K [0x00000000c0000000, 0x00000000c0100828, 0x0000000100000000)
  region size 1024K, 72 young (73728K), 2 survivors (2048K)
 Metaspace       used 110899K, capacity 122832K, committed 122956K, reserved 1155072K
  class space    used 13538K, capacity 16751K, committed 16768K, reserved 1048576K
Event: 313.930 GC heap after
Heap after GC invocations=58 (full 0):
 garbage-first heap   total 267264K, used 150087K [0x00000000c0000000, 0x00000000c0100828, 0x0000000100000000)
  region size 1024K, 4 young (4096K), 4 survivors (4096K)
 Metaspace       used 110899K, capacity 122832K, committed 122956K, reserved 1155072K
  class space    used 13538K, capacity 16751K, committed 16768K, reserved 1048576K
}
Event: 314.615 GC heap before
{Heap before GC invocations=59 (full 0):
 garbage-first heap   total 267264K, used 230378K [0x00000000c0000000, 0x00000000c0100828, 0x0000000100000000)
  region size 1024K, 27 young (27648K), 4 survivors (4096K)
 Metaspace       used 110984K, capacity 122906K, committed 122956K, reserved 1155072K
  class space    used 13547K, capacity 16753K, committed 16768K, reserved 1048576K
Event: 314.624 GC heap after
Heap after GC invocations=60 (full 0):
 garbage-first heap   total 271360K, used 150481K [0x00000000c0000000, 0x00000000c0100848, 0x0000000100000000)
  region size 1024K, 4 young (4096K), 4 survivors (4096K)
 Metaspace       used 110984K, capacity 122906K, committed 122956K, reserved 1155072K
  class space    used 13547K, capacity 16753K, committed 16768K, reserved 1048576K
}
Event: 314.666 GC heap before
{Heap before GC invocations=60 (full 0):
 garbage-first heap   total 271360K, used 159697K [0x00000000c0000000, 0x00000000c0100848, 0x0000000100000000)
  region size 1024K, 13 young (13312K), 4 survivors (4096K)
 Metaspace       used 111128K, capacity 122970K, committed 123212K, reserved 1155072K
  class space    used 13560K, capacity 16753K, committed 16768K, reserved 1048576K
Event: 314.695 GC heap after
Heap after GC invocations=61 (full 0):
 garbage-first heap   total 271360K, used 140548K [0x00000000c0000000, 0x00000000c0100848, 0x0000000100000000)
  region size 1024K, 2 young (2048K), 2 survivors (2048K)
 Metaspace       used 111128K, capacity 122970K, committed 123212K, reserved 1155072K
  class space    used 13560K, capacity 16753K, committed 16768K, reserved 1048576K
}

